phone/build/intermediates/manifest_merge_blame_file/debug/processDebugMainManifest/manifest-merger-blame-debug-report.txt
1<?xml version="1.0" encoding="utf-8"?>
2<manifest xmlns:android="http://schemas.android.com/apk/res/android"
3    package="com.woodpeckerbros.watchreminder"
4    android:versionCode="1"
5    android:versionName="1.0" >
6
7    <uses-sdk
7-->INJECTED
8        android:minSdkVersion="26"
8-->INJECTED
9        android:targetSdkVersion="34" />
9-->INJECTED
10
11    <uses-permission android:name="android.permission.POST_NOTIFICATIONS" />
11-->src/main/AndroidManifest.xml:2:5-77
11-->src/main/AndroidManifest.xml:2:22-74
12
13    <permission
13-->[androidx.core:core:1.13.1] AndroidManifest.xml:22:5-24:47
14        android:name="com.woodpeckerbros.watchreminder.DYNAMIC_RECEIVER_NOT_EXPORTED_PERMISSION"
14-->[androidx.core:core:1.13.1] AndroidManifest.xml:23:9-81
15        android:protectionLevel="signature" />
15-->[androidx.core:core:1.13.1] AndroidManifest.xml:24:9-44
16
17    <uses-permission android:name="com.woodpeckerbros.watchreminder.DYNAMIC_RECEIVER_NOT_EXPORTED_PERMISSION" />
17-->[androidx.core:core:1.13.1] AndroidManifest.xml:26:5-97
17-->[androidx.core:core:1.13.1] AndroidManifest.xml:26:22-94
18
19    <application
19-->src/main/AndroidManifest.xml:4:5-31:19
20        android:allowBackup="true"
20-->src/main/AndroidManifest.xml:5:9-35
21        android:appComponentFactory="androidx.core.app.CoreComponentFactory"
21-->[androidx.core:core:1.13.1] AndroidManifest.xml:28:18-86
22        android:debuggable="true"
23        android:extractNativeLibs="false"
23-->INJECTED
24        android:icon="@drawable/ic_launcher"
24-->src/main/AndroidManifest.xml:6:9-45
25        android:label="@string/app_name"
25-->src/main/AndroidManifest.xml:7:9-41
26        android:roundIcon="@drawable/ic_launcher"
26-->src/main/AndroidManifest.xml:8:9-50
27        android:theme="@style/AppTheme" >
27-->src/main/AndroidManifest.xml:9:9-40
28        <activity
28-->src/main/AndroidManifest.xml:11:9-18:20
29            android:name="com.woodpeckerbros.watchreminder.phone.PhoneMainActivity"
29-->src/main/AndroidManifest.xml:12:13-46
30            android:exported="true" >
30-->src/main/AndroidManifest.xml:13:13-36
31            <intent-filter>
31-->src/main/AndroidManifest.xml:14:13-17:29
32                <action android:name="android.intent.action.MAIN" />
32-->src/main/AndroidManifest.xml:15:17-69
32-->src/main/AndroidManifest.xml:15:25-66
33
34                <category android:name="android.intent.category.LAUNCHER" />
34-->src/main/AndroidManifest.xml:16:17-77
34-->src/main/AndroidManifest.xml:16:27-74
35            </intent-filter>
36        </activity>
37
38        <service
38-->src/main/AndroidManifest.xml:20:9-30:19
39            android:name="com.woodpeckerbros.watchreminder.phone.BackupReceiverService"
39-->src/main/AndroidManifest.xml:21:13-50
40            android:exported="true" >
40-->src/main/AndroidManifest.xml:22:13-36
41            <intent-filter>
41-->src/main/AndroidManifest.xml:23:13-29:29
42                <action android:name="com.google.android.gms.wearable.MESSAGE_RECEIVED" />
42-->src/main/AndroidManifest.xml:24:17-91
42-->src/main/AndroidManifest.xml:24:25-88
43
44                <data
44-->src/main/AndroidManifest.xml:25:17-28:45
45                    android:host="*"
45-->src/main/AndroidManifest.xml:26:21-37
46                    android:pathPrefix="/watch_reminder_"
46-->src/main/AndroidManifest.xml:27:21-58
47                    android:scheme="wear" />
47-->src/main/AndroidManifest.xml:28:21-42
48            </intent-filter>
49        </service>
50
51        <activity
51-->[com.google.android.gms:play-services-base:18.0.1] AndroidManifest.xml:20:9-22:45
52            android:name="com.google.android.gms.common.api.GoogleApiActivity"
52-->[com.google.android.gms:play-services-base:18.0.1] AndroidManifest.xml:20:19-85
53            android:exported="false"
53-->[com.google.android.gms:play-services-base:18.0.1] AndroidManifest.xml:22:19-43
54            android:theme="@android:style/Theme.Translucent.NoTitleBar" />
54-->[com.google.android.gms:play-services-base:18.0.1] AndroidManifest.xml:21:19-78
55
56        <meta-data
56-->[com.google.android.gms:play-services-basement:18.0.0] AndroidManifest.xml:21:9-23:69
57            android:name="com.google.android.gms.version"
57-->[com.google.android.gms:play-services-basement:18.0.0] AndroidManifest.xml:22:13-58
58            android:value="@integer/google_play_services_version" />
58-->[com.google.android.gms:play-services-basement:18.0.0] AndroidManifest.xml:23:13-66
59
60        <provider
60-->[androidx.profileinstaller:profileinstaller:1.3.0] AndroidManifest.xml:24:9-32:20
61            android:name="androidx.startup.InitializationProvider"
61-->[androidx.profileinstaller:profileinstaller:1.3.0] AndroidManifest.xml:25:13-67
62            android:authorities="com.woodpeckerbros.watchreminder.androidx-startup"
62-->[androidx.profileinstaller:profileinstaller:1.3.0] AndroidManifest.xml:26:13-68
63            android:exported="false" >
63-->[androidx.profileinstaller:profileinstaller:1.3.0] AndroidManifest.xml:27:13-37
64            <meta-data
64-->[androidx.profileinstaller:profileinstaller:1.3.0] AndroidManifest.xml:29:13-31:52
65                android:name="androidx.profileinstaller.ProfileInstallerInitializer"
65-->[androidx.profileinstaller:profileinstaller:1.3.0] AndroidManifest.xml:30:17-85
66                android:value="androidx.startup" />
66-->[androidx.profileinstaller:profileinstaller:1.3.0] AndroidManifest.xml:31:17-49
67        </provider>
68
69        <receiver
69-->[androidx.profileinstaller:profileinstaller:1.3.0] AndroidManifest.xml:34:9-52:20
70            android:name="androidx.profileinstaller.ProfileInstallReceiver"
70-->[androidx.profileinstaller:profileinstaller:1.3.0] AndroidManifest.xml:35:13-76
71            android:directBootAware="false"
71-->[androidx.profileinstaller:profileinstaller:1.3.0] AndroidManifest.xml:36:13-44
72            android:enabled="true"
72-->[androidx.profileinstaller:profileinstaller:1.3.0] AndroidManifest.xml:37:13-35
73            android:exported="true"
73-->[androidx.profileinstaller:profileinstaller:1.3.0] AndroidManifest.xml:38:13-36
74            android:permission="android.permission.DUMP" >
74-->[androidx.profileinstaller:profileinstaller:1.3.0] AndroidManifest.xml:39:13-57
75            <intent-filter>
75-->[androidx.profileinstaller:profileinstaller:1.3.0] AndroidManifest.xml:40:13-42:29
76                <action android:name="androidx.profileinstaller.action.INSTALL_PROFILE" />
76-->[androidx.profileinstaller:profileinstaller:1.3.0] AndroidManifest.xml:41:17-91
76-->[androidx.profileinstaller:profileinstaller:1.3.0] AndroidManifest.xml:41:25-88
77            </intent-filter>
78            <intent-filter>
78-->[androidx.profileinstaller:profileinstaller:1.3.0] AndroidManifest.xml:43:13-45:29
79                <action android:name="androidx.profileinstaller.action.SKIP_FILE" />
79-->[androidx.profileinstaller:profileinstaller:1.3.0] AndroidManifest.xml:44:17-85
79-->[androidx.profileinstaller:profileinstaller:1.3.0] AndroidManifest.xml:44:25-82
80            </intent-filter>
81            <intent-filter>
81-->[androidx.profileinstaller:profileinstaller:1.3.0] AndroidManifest.xml:46:13-48:29
82                <action android:name="androidx.profileinstaller.action.SAVE_PROFILE" />
82-->[androidx.profileinstaller:profileinstaller:1.3.0] AndroidManifest.xml:47:17-88
82-->[androidx.profileinstaller:profileinstaller:1.3.0] AndroidManifest.xml:47:25-85
83            </intent-filter>
84            <intent-filter>
84-->[androidx.profileinstaller:profileinstaller:1.3.0] AndroidManifest.xml:49:13-51:29
85                <action android:name="androidx.profileinstaller.action.BENCHMARK_OPERATION" />
85-->[androidx.profileinstaller:profileinstaller:1.3.0] AndroidManifest.xml:50:17-95
85-->[androidx.profileinstaller:profileinstaller:1.3.0] AndroidManifest.xml:50:25-92
86            </intent-filter>
87        </receiver>
88    </application>
89
90</manifest>